<?xml version="1.0" encoding="UTF-8"?>
<testng-results skipped="0" failed="0" total="1" passed="1">
  <reporter-output>
  </reporter-output>
  <suite name="Default suite" duration-ms="26037" started-at="2017-08-31T22:18:14Z" finished-at="2017-08-31T22:18:40Z">
    <groups>
    </groups>
    <test name="Default test" duration-ms="26037" started-at="2017-08-31T22:18:14Z" finished-at="2017-08-31T22:18:40Z">
      <class name="testcases.VerifyLoginPageWithReports1">
        <test-method status="PASS" signature="setUp()[pri:0, instance:testcases.VerifyLoginPageWithReports1@5e5792a0]" name="setUp" is-config="true" duration-ms="14456" started-at="2017-08-31T17:18:14Z" finished-at="2017-08-31T17:18:28Z">
          <reporter-output>
          </reporter-output>
        </test-method> <!-- setUp -->
        <test-method status="PASS" signature="testHomePage()[pri:0, instance:testcases.VerifyLoginPageWithReports1@5e5792a0]" name="testHomePage" duration-ms="9052" started-at="2017-08-31T17:18:28Z" finished-at="2017-08-31T17:18:37Z">
          <reporter-output>
          </reporter-output>
        </test-method> <!-- testHomePage -->
        <test-method status="PASS" signature="tearDown(org.testng.ITestResult)[pri:0, instance:testcases.VerifyLoginPageWithReports1@5e5792a0]" name="tearDown" is-config="true" duration-ms="2497" started-at="2017-08-31T17:18:37Z" finished-at="2017-08-31T17:18:40Z">
          <params>
            <param index="0">
              <value>
                <![CDATA[[TestResult name=testHomePage status=SUCCESS method=VerifyLoginPageWithReports1.testHomePage()[pri:0, instance:testcases.VerifyLoginPageWithReports1@5e5792a0] output={null}]]]>
              </value>
            </param>
          </params>
          <reporter-output>
          </reporter-output>
        </test-method> <!-- tearDown -->
      </class> <!-- testcases.VerifyLoginPageWithReports1 -->
    </test> <!-- Default test -->
  </suite> <!-- Default suite -->
</testng-results>
